<?xml version="1.0" encoding="UTF-8"?>
<!-- Generated by org.testng.reporters.JUnitXMLReporter -->
<testsuite ignored="0" hostname="CODE81-C7RB" failures="0" tests="3" name="Default test" time="19.102" errors="0" timestamp="2024-06-11T17:25:29 EEST">
  <testcase classname="v.task.Checktest" name="userCanValidateksa" time="2.255"/>
  <testcase classname="v.task.Checktest" name="userCanValidatekwt" time="10.086"/>
  <testcase classname="v.task.Checktest" name="userCanValidateBHRN" time="6.709"/>
</testsuite> <!-- Default test -->
