<?xml version="1.0" encoding="UTF-8"?>
<testng-results ignored="0" total="3" passed="3" failed="0" skipped="0">
  <reporter-output>
  </reporter-output>
  <suite started-at="2024-06-11T17:25:10 EEST" name="Default suite" finished-at="2024-06-11T17:25:29 EEST" duration-ms="19102">
    <groups>
    </groups>
    <test started-at="2024-06-11T17:25:10 EEST" name="Default test" finished-at="2024-06-11T17:25:29 EEST" duration-ms="19102">
      <class name="v.task.Checktest">
        <test-method is-config="true" signature="startDriver()[pri:0, instance:v.task.Checktest@1af2d44a]" started-at="2024-06-11T17:25:00 EEST" name="startDriver" finished-at="2024-06-11T17:25:10 EEST" duration-ms="10194" status="PASS">
          <reporter-output>
          </reporter-output>
        </test-method> <!-- startDriver -->
        <test-method signature="userCanValidateksa()[pri:1, instance:v.task.Checktest@1af2d44a]" started-at="2024-06-11T17:25:10 EEST" name="userCanValidateksa" finished-at="2024-06-11T17:25:12 EEST" duration-ms="2255" status="PASS">
          <reporter-output>
          </reporter-output>
        </test-method> <!-- userCanValidateksa -->
        <test-method signature="userCanValidatekwt()[pri:2, instance:v.task.Checktest@1af2d44a]" started-at="2024-06-11T17:25:12 EEST" name="userCanValidatekwt" finished-at="2024-06-11T17:25:22 EEST" duration-ms="10086" status="PASS">
          <reporter-output>
          </reporter-output>
        </test-method> <!-- userCanValidatekwt -->
        <test-method signature="userCanValidateBHRN()[pri:3, instance:v.task.Checktest@1af2d44a]" started-at="2024-06-11T17:25:22 EEST" name="userCanValidateBHRN" finished-at="2024-06-11T17:25:29 EEST" duration-ms="6709" status="PASS">
          <reporter-output>
          </reporter-output>
        </test-method> <!-- userCanValidateBHRN -->
        <test-method is-config="true" signature="stopDriver()[pri:0, instance:v.task.Checktest@1af2d44a]" started-at="2024-06-11T17:25:29 EEST" name="stopDriver" finished-at="2024-06-11T17:25:29 EEST" duration-ms="0" status="PASS">
          <reporter-output>
          </reporter-output>
        </test-method> <!-- stopDriver -->
      </class> <!-- v.task.Checktest -->
    </test> <!-- Default test -->
  </suite> <!-- Default suite -->
</testng-results>
